02:24:59 http-nio-8080-exec-6 INFO  com.nttdatacasestudy.dao.StudentDAO: Student Credentials verified!
02:26:06 http-nio-8080-exec-4 INFO  com.nttdatacasestudy.dao.StudentDAO: Student Credentials verified!
02:26:13 http-nio-8080-exec-9 INFO  c.n.dao.AdmissionRequestDAO: Executing displayResponse
02:29:22 http-nio-8080-exec-8 INFO  com.nttdatacasestudy.dao.StudentDAO: Student Credentials verified!
02:29:29 http-nio-8080-exec-1 INFO  c.n.dao.AdmissionRequestDAO: Executing displayResponse
02:35:20 http-nio-8080-exec-10 INFO  com.nttdatacasestudy.dao.StudentDAO: Student Credentials verified!
02:35:30 http-nio-8080-exec-5 INFO  c.n.dao.AdmissionRequestDAO: Executing displayResponse
13:05:49 http-nio-8080-exec-2 INFO  com.nttdatacasestudy.dao.StudentDAO: Student Credentials verified!
13:06:01 http-nio-8080-exec-7 INFO  com.nttdatacasestudy.dao.StudentDAO: Displaying Student Details
13:09:33 http-nio-8080-exec-1 INFO  com.nttdatacasestudy.dao.StudentDAO: Displaying Student Details
13:09:58 http-nio-8080-exec-8 INFO  com.nttdatacasestudy.dao.StudentDAO: Student Credentials verified!
13:10:05 http-nio-8080-exec-3 INFO  com.nttdatacasestudy.dao.StudentDAO: Displaying Student Details
13:10:50 http-nio-8080-exec-5 INFO  com.nttdatacasestudy.dao.StudentDAO: Displaying Student Details
13:12:04 http-nio-8080-exec-8 INFO  com.nttdatacasestudy.dao.StudentDAO: Displaying Student Details
13:12:36 http-nio-8080-exec-2 INFO  com.nttdatacasestudy.dao.StudentDAO: Displaying Student Details
13:13:24 http-nio-8080-exec-6 INFO  com.nttdatacasestudy.dao.StudentDAO: Displaying Student Details
13:16:29 http-nio-8080-exec-4 WARN  c.nttdatacasestudy.dao.InstituteDAO: Institute Credentials Verified!
13:16:33 http-nio-8080-exec-7 INFO  c.nttdatacasestudy.dao.InstituteDAO: Displaying Institute Details
13:21:05 http-nio-8080-exec-7 INFO  com.nttdatacasestudy.dao.StudentDAO: Student Credentials verified!
13:21:11 http-nio-8080-exec-9 INFO  com.nttdatacasestudy.dao.StudentDAO: Displaying Student Details
13:22:08 http-nio-8080-exec-4 INFO  com.nttdatacasestudy.dao.StudentDAO: Displaying Student Details
13:23:59 http-nio-8080-exec-7 INFO  com.nttdatacasestudy.dao.StudentDAO: Displaying Student Details
13:24:58 http-nio-8080-exec-1 WARN  com.nttdatacasestudy.dao.StudentDAO: Student Details Not Updated
13:28:57 http-nio-8080-exec-7 INFO  com.nttdatacasestudy.dao.StudentDAO: Student Credentials verified!
13:29:05 http-nio-8080-exec-1 INFO  com.nttdatacasestudy.dao.StudentDAO: Displaying Student Details
13:29:41 http-nio-8080-exec-6 WARN  com.nttdatacasestudy.dao.StudentDAO: Student Details Not Updated
13:33:33 http-nio-8080-exec-7 INFO  com.nttdatacasestudy.dao.StudentDAO: Displaying Student Details
13:34:01 http-nio-8080-exec-10 WARN  com.nttdatacasestudy.dao.StudentDAO: Student Details Not Updated
13:34:34 http-nio-8080-exec-2 WARN  com.nttdatacasestudy.dao.StudentDAO: Student Details Not Updated
13:38:23 http-nio-8080-exec-3 INFO  com.nttdatacasestudy.dao.StudentDAO: Displaying Student Details
13:38:56 http-nio-8080-exec-7 INFO  com.nttdatacasestudy.dao.StudentDAO: Student Details updated!
13:39:00 http-nio-8080-exec-8 INFO  com.nttdatacasestudy.dao.StudentDAO: Displaying Student Details
13:39:57 http-nio-8080-exec-1 INFO  com.nttdatacasestudy.dao.StudentDAO: Displaying Student Details
13:40:42 http-nio-8080-exec-3 INFO  com.nttdatacasestudy.dao.StudentDAO: Displaying Student Details
19:39:44 http-nio-8080-exec-7 INFO  c.n.daoimpl.AdminDAOImpl: Admin Credentials Verified!
19:41:57 http-nio-8080-exec-5 INFO  c.nttdatacasestudy.dao.InstituteDAO: Displaying Institute Details
19:42:08 http-nio-8080-exec-7 INFO  c.nttdatacasestudy.dao.InstituteDAO: Displaying Institute Details
19:42:31 http-nio-8080-exec-10 INFO  c.nttdatacasestudy.dao.InstituteDAO: Displaying Institute Details
19:45:06 http-nio-8080-exec-2 INFO  com.nttdatacasestudy.dao.StudentDAO: Displaying All Students
19:45:09 http-nio-8080-exec-4 INFO  com.nttdatacasestudy.dao.StudentDAO: Displaying All Students
19:45:26 http-nio-8080-exec-5 INFO  com.nttdatacasestudy.dao.StudentDAO: Displaying All Students
19:56:00 http-nio-8080-exec-7 INFO  c.nttdatacasestudy.dao.InstituteDAO: Displaying Institute Details
19:56:06 http-nio-8080-exec-8 INFO  c.nttdatacasestudy.dao.InstituteDAO: Institute is deleted
19:56:06 http-nio-8080-exec-9 INFO  c.nttdatacasestudy.dao.InstituteDAO: Displaying Institute Details
19:56:49 http-nio-8080-exec-3 ERROR c.nttdatacasestudy.dao.InstituteDAO: Cannot delete or update a parent row: a foreign key constraint fails (`training_institution`.`course`, CONSTRAINT `course_ibfk_1` FOREIGN KEY (`instituteID`) REFERENCES `institute` (`instituteID`))
19:56:50 http-nio-8080-exec-4 INFO  c.nttdatacasestudy.dao.InstituteDAO: Displaying Institute Details
19:56:58 http-nio-8080-exec-5 ERROR c.nttdatacasestudy.dao.InstituteDAO: Cannot delete or update a parent row: a foreign key constraint fails (`training_institution`.`course`, CONSTRAINT `course_ibfk_1` FOREIGN KEY (`instituteID`) REFERENCES `institute` (`instituteID`))
19:56:58 http-nio-8080-exec-6 INFO  c.nttdatacasestudy.dao.InstituteDAO: Displaying Institute Details
19:57:05 http-nio-8080-exec-7 INFO  c.nttdatacasestudy.dao.InstituteDAO: Displaying Institute Details
19:58:38 http-nio-8080-exec-1 INFO  c.nttdatacasestudy.dao.InstituteDAO: Displaying Institute Details
19:58:43 http-nio-8080-exec-2 ERROR c.nttdatacasestudy.dao.InstituteDAO: Cannot delete or update a parent row: a foreign key constraint fails (`training_institution`.`course`, CONSTRAINT `course_ibfk_1` FOREIGN KEY (`instituteID`) REFERENCES `institute` (`instituteID`))
19:58:43 http-nio-8080-exec-4 INFO  c.nttdatacasestudy.dao.InstituteDAO: Displaying Institute Details
19:58:46 http-nio-8080-exec-5 ERROR c.nttdatacasestudy.dao.InstituteDAO: Cannot delete or update a parent row: a foreign key constraint fails (`training_institution`.`course`, CONSTRAINT `course_ibfk_1` FOREIGN KEY (`instituteID`) REFERENCES `institute` (`instituteID`))
19:58:46 http-nio-8080-exec-7 INFO  c.nttdatacasestudy.dao.InstituteDAO: Displaying Institute Details
19:58:48 http-nio-8080-exec-8 ERROR c.nttdatacasestudy.dao.InstituteDAO: Cannot delete or update a parent row: a foreign key constraint fails (`training_institution`.`course`, CONSTRAINT `course_ibfk_1` FOREIGN KEY (`instituteID`) REFERENCES `institute` (`instituteID`))
19:58:49 http-nio-8080-exec-10 INFO  c.nttdatacasestudy.dao.InstituteDAO: Displaying Institute Details
20:00:24 http-nio-8080-exec-3 ERROR c.nttdatacasestudy.dao.InstituteDAO: Cannot delete or update a parent row: a foreign key constraint fails (`training_institution`.`course`, CONSTRAINT `course_ibfk_1` FOREIGN KEY (`instituteID`) REFERENCES `institute` (`instituteID`))
20:00:24 http-nio-8080-exec-4 INFO  c.nttdatacasestudy.dao.InstituteDAO: Displaying Institute Details
20:00:24 http-nio-8080-exec-5 INFO  c.nttdatacasestudy.dao.InstituteDAO: Displaying Institute Details
20:01:16 http-nio-8080-exec-2 INFO  c.nttdatacasestudy.dao.InstituteDAO: Displaying Institute Details
20:01:19 http-nio-8080-exec-3 ERROR c.nttdatacasestudy.dao.InstituteDAO: Cannot delete or update a parent row: a foreign key constraint fails (`training_institution`.`course`, CONSTRAINT `course_ibfk_1` FOREIGN KEY (`instituteID`) REFERENCES `institute` (`instituteID`))
20:01:21 http-nio-8080-exec-4 INFO  c.nttdatacasestudy.dao.InstituteDAO: Displaying Institute Details
20:03:25 http-nio-8080-exec-9 INFO  c.nttdatacasestudy.dao.InstituteDAO: Displaying Institute Details
20:03:28 http-nio-8080-exec-10 ERROR c.nttdatacasestudy.dao.InstituteDAO: Cannot delete or update a parent row: a foreign key constraint fails (`training_institution`.`course`, CONSTRAINT `course_ibfk_1` FOREIGN KEY (`instituteID`) REFERENCES `institute` (`instituteID`))
20:03:29 http-nio-8080-exec-1 INFO  c.nttdatacasestudy.dao.InstituteDAO: Displaying Institute Details
20:09:45 http-nio-8080-exec-2 INFO  com.nttdatacasestudy.dao.FeedbackDAO: Displaying All Requests
20:10:15 http-nio-8080-exec-6 INFO  com.nttdatacasestudy.dao.FeedbackDAO: Displaying All Requests
20:11:31 http-nio-8080-exec-6 INFO  com.nttdatacasestudy.dao.StudentDAO: Student Credentials verified!
20:11:38 http-nio-8080-exec-8 INFO  com.nttdatacasestudy.dao.StudentDAO: Displaying Student Details
20:19:00 http-nio-8080-exec-5 INFO  com.nttdatacasestudy.dao.StudentDAO: Student Credentials verified!
20:19:08 http-nio-8080-exec-7 INFO  com.nttdatacasestudy.dao.StudentDAO: Displaying Student Details
20:21:59 http-nio-8080-exec-5 INFO  com.nttdatacasestudy.dao.StudentDAO: Student Credentials verified!
20:23:30 http-nio-8080-exec-5 INFO  com.nttdatacasestudy.dao.StudentDAO: Student Credentials verified!
20:24:19 http-nio-8080-exec-10 INFO  com.nttdatacasestudy.dao.StudentDAO: Displaying Student Details
20:25:26 http-nio-8080-exec-3 INFO  com.nttdatacasestudy.dao.StudentDAO: Displaying Student Details
20:27:47 http-nio-8080-exec-6 INFO  com.nttdatacasestudy.dao.StudentDAO: Student Details updated!
20:27:49 http-nio-8080-exec-7 INFO  com.nttdatacasestudy.dao.StudentDAO: Displaying Student Details
20:28:53 http-nio-8080-exec-10 INFO  com.nttdatacasestudy.dao.StudentDAO: Displaying Student Details
20:29:44 http-nio-8080-exec-5 INFO  com.nttdatacasestudy.dao.CourseDAO: Displaying All Students
20:29:53 http-nio-8080-exec-4 INFO  c.n.dao.AdmissionRequestDAO: Student's admission request submitted
20:30:05 http-nio-8080-exec-9 INFO  c.n.dao.AdmissionRequestDAO: Executing displayResponse
20:30:50 http-nio-8080-exec-1 INFO  com.nttdatacasestudy.dao.CourseDAO: Displaying All Students
20:31:10 http-nio-8080-exec-2 INFO  com.nttdatacasestudy.dao.CourseDAO: Displaying All Students
20:33:24 http-nio-8080-exec-4 INFO  com.nttdatacasestudy.dao.CourseDAO: Displaying All Students
20:34:15 http-nio-8080-exec-9 INFO  com.nttdatacasestudy.dao.CourseDAO: Displaying All Students
20:34:34 http-nio-8080-exec-8 INFO  com.nttdatacasestudy.dao.CourseDAO: Displaying All Students
20:37:19 http-nio-8080-exec-2 INFO  com.nttdatacasestudy.dao.CourseDAO: Displaying All Students
20:37:36 http-nio-8080-exec-3 INFO  com.nttdatacasestudy.dao.CourseDAO: Displaying All Students
21:06:28 http-nio-8080-exec-11 INFO  c.n.dao.AdmissionRequestDAO: Executing displayResponse
21:07:03 http-nio-8080-exec-5 INFO  com.nttdatacasestudy.dao.StudentDAO: Student Credentials verified!
21:07:11 http-nio-8080-exec-9 INFO  com.nttdatacasestudy.dao.CourseDAO: Displaying All Students
21:07:16 http-nio-8080-exec-10 INFO  c.n.dao.AdmissionRequestDAO: Student's admission request submitted
21:07:21 http-nio-8080-exec-2 INFO  c.n.dao.AdmissionRequestDAO: Displaying All Requests
21:07:36 http-nio-8080-exec-4 INFO  c.n.dao.AdmissionRequestDAO: Executing displayResponse
21:16:50 http-nio-8080-exec-5 INFO  com.nttdatacasestudy.dao.StudentDAO: Student Credentials verified!
21:16:55 http-nio-8080-exec-7 INFO  c.n.dao.AdmissionRequestDAO: Displaying All Requests
21:16:58 http-nio-8080-exec-8 INFO  c.n.dao.AdmissionRequestDAO: Executing displayResponse
21:17:00 http-nio-8080-exec-9 INFO  c.n.dao.AdmissionRequestDAO: Displaying All Requests
21:17:42 http-nio-8080-exec-4 INFO  c.n.dao.AdmissionRequestDAO: Displaying All Requests
21:22:23 http-nio-8080-exec-2 INFO  com.nttdatacasestudy.dao.StudentDAO: Student Credentials verified!
21:23:07 http-nio-8080-exec-7 INFO  com.nttdatacasestudy.dao.FeedbackDAO: Feedback is submitted
21:26:10 http-nio-8080-exec-2 INFO  com.nttdatacasestudy.dao.FeedbackDAO: Feedback is submitted
21:29:47 http-nio-8080-exec-8 INFO  com.nttdatacasestudy.dao.FeedbackDAO: Feedback is submitted
21:32:08 http-nio-8080-exec-2 INFO  com.nttdatacasestudy.dao.FeedbackDAO: Feedback is submitted
21:34:41 http-nio-8080-exec-6 ERROR com.nttdatacasestudy.dao.FeedbackDAO: Cannot add or update a child row: a foreign key constraint fails (`training_institution`.`feedback`, CONSTRAINT `feedback_ibfk_2` FOREIGN KEY (`instituteID`) REFERENCES `institute` (`instituteID`))
21:36:55 http-nio-8080-exec-4 INFO  com.nttdatacasestudy.dao.FeedbackDAO: Feedback is submitted
21:49:56 http-nio-8080-exec-8 INFO  com.nttdatacasestudy.dao.StudentDAO: Student Credentials verified!
21:52:53 http-nio-8080-exec-3 INFO  com.nttdatacasestudy.dao.StudentDAO: Student data inserted
21:53:43 http-nio-8080-exec-3 INFO  com.nttdatacasestudy.dao.StudentDAO: Student Credentials verified!
23:11:26 http-nio-8080-exec-8 WARN  c.nttdatacasestudy.dao.InstituteDAO: Institute Credentials Verified!
23:12:05 http-nio-8080-exec-1 WARN  c.nttdatacasestudy.dao.InstituteDAO: Institute Credentials Verified!
23:12:22 http-nio-8080-exec-5 INFO  com.nttdatacasestudy.dao.StudentDAO: Displaying All Students
23:12:44 http-nio-8080-exec-8 INFO  com.nttdatacasestudy.dao.StudentDAO: Displaying All Students
23:13:09 http-nio-8080-exec-1 INFO  com.nttdatacasestudy.dao.StudentDAO: Displaying All Students
23:20:55 http-nio-8080-exec-9 INFO  com.nttdatacasestudy.dao.FacultyDAO: New faculty Added successfully
23:26:16 http-nio-8080-exec-3 INFO  c.nttdatacasestudy.dao.InstituteDAO: Displaying Institute Details
23:26:49 http-nio-8080-exec-6 INFO  c.nttdatacasestudy.dao.InstituteDAO: Institution Details Updated
23:27:47 http-nio-8080-exec-6 WARN  c.nttdatacasestudy.dao.InstituteDAO: Institute Credentials Verified!
23:27:50 http-nio-8080-exec-9 INFO  c.nttdatacasestudy.dao.InstituteDAO: Displaying Institute Details
23:28:01 http-nio-8080-exec-10 INFO  c.nttdatacasestudy.dao.InstituteDAO: Institution Details Updated
23:35:41 http-nio-8080-exec-8 WARN  c.nttdatacasestudy.dao.InstituteDAO: Institute Credentials Verified!
23:35:52 http-nio-8080-exec-10 INFO  c.nttdatacasestudy.dao.InstituteDAO: Displaying Institute Details
23:36:49 http-nio-8080-exec-3 INFO  c.nttdatacasestudy.dao.InstituteDAO: Institution Details Updated
23:40:26 http-nio-8080-exec-6 INFO  c.nttdatacasestudy.dao.InstituteDAO: Institution Details Updated
23:40:30 http-nio-8080-exec-8 INFO  c.nttdatacasestudy.dao.InstituteDAO: Displaying Institute Details
23:41:26 http-nio-8080-exec-5 WARN  c.nttdatacasestudy.dao.InstituteDAO: Institute Credentials Verified!
23:41:29 http-nio-8080-exec-7 INFO  c.nttdatacasestudy.dao.InstituteDAO: Displaying Institute Details
23:43:18 http-nio-8080-exec-1 INFO  c.nttdatacasestudy.dao.InstituteDAO: Displaying Institute Details
23:43:31 http-nio-8080-exec-2 INFO  c.nttdatacasestudy.dao.InstituteDAO: Institution Details Updated
23:48:12 http-nio-8080-exec-8 INFO  c.n.dao.AdmissionRequestDAO: No Records found for Admission request
23:49:11 http-nio-8080-exec-4 INFO  c.n.dao.AdmissionRequestDAO: No Records found for Admission request
23:49:55 http-nio-8080-exec-2 WARN  c.nttdatacasestudy.dao.InstituteDAO: Institute Credentials Verified!
23:49:58 http-nio-8080-exec-4 INFO  c.n.dao.AdmissionRequestDAO: Displaying All Requests
00:02:56 http-nio-8080-exec-5 WARN  c.nttdatacasestudy.dao.InstituteDAO: Institute Credentials Verified!
00:03:28 http-nio-8080-exec-10 INFO  c.n.dao.AdmissionRequestDAO: Displaying All Requests
00:09:41 http-nio-8080-exec-1 WARN  c.nttdatacasestudy.dao.InstituteDAO: Institute Credentials Verified!
00:09:48 http-nio-8080-exec-3 INFO  c.n.dao.AdmissionRequestDAO: Displaying All Requests
00:10:45 http-nio-8080-exec-8 INFO  c.n.dao.AdmissionRequestDAO: Displaying All Requests
00:10:53 http-nio-8080-exec-7 INFO  c.n.dao.AdmissionRequestDAO: Student's admission request status changed!
00:10:54 http-nio-8080-exec-9 INFO  c.n.dao.AdmissionRequestDAO: Displaying All Requests
00:12:28 http-nio-8080-exec-7 WARN  c.nttdatacasestudy.dao.InstituteDAO: Institute Credentials Verified!
00:12:37 http-nio-8080-exec-9 INFO  c.n.dao.AdmissionRequestDAO: Displaying All Requests
00:13:00 http-nio-8080-exec-3 INFO  c.n.dao.AdmissionRequestDAO: Student's admission request status changed!
00:13:00 http-nio-8080-exec-4 INFO  c.n.dao.AdmissionRequestDAO: Displaying All Requests
00:13:37 http-nio-8080-exec-8 INFO  c.n.dao.AdmissionRequestDAO: Displaying All Requests
00:14:11 http-nio-8080-exec-7 INFO  com.nttdatacasestudy.dao.StudentDAO: Student Credentials verified!
00:14:14 http-nio-8080-exec-1 INFO  com.nttdatacasestudy.dao.CourseDAO: Displaying All Students
00:14:23 http-nio-8080-exec-2 INFO  c.n.dao.AdmissionRequestDAO: Student's admission request submitted
00:16:21 http-nio-8080-exec-5 INFO  c.n.dao.AdmissionRequestDAO: Displaying All Requests
00:16:28 http-nio-8080-exec-10 INFO  c.n.dao.AdmissionRequestDAO: Executing displayResponse
00:16:28 http-nio-8080-exec-9 INFO  c.n.dao.AdmissionRequestDAO: Displaying All Requests
00:16:35 http-nio-8080-exec-3 INFO  c.n.dao.AdmissionRequestDAO: Executing displayResponse
00:16:35 http-nio-8080-exec-4 INFO  c.n.dao.AdmissionRequestDAO: Displaying All Requests
00:17:32 http-nio-8080-exec-5 WARN  c.nttdatacasestudy.dao.InstituteDAO: Institute Credentials Verified!
00:17:36 http-nio-8080-exec-8 INFO  c.n.dao.AdmissionRequestDAO: Displaying All Requests
00:17:58 http-nio-8080-exec-9 INFO  c.n.dao.AdmissionRequestDAO: Student's admission request status changed!
00:17:58 http-nio-8080-exec-2 INFO  c.n.dao.AdmissionRequestDAO: Displaying All Requests
00:22:44 http-nio-8080-exec-10 INFO  com.nttdatacasestudy.dao.FeedbackDAO: Displaying All Requests
10:36:51 http-nio-8080-exec-6 INFO  com.nttdatacasestudy.dao.StudentDAO: Student Credentials verified!
10:36:58 http-nio-8080-exec-10 INFO  com.nttdatacasestudy.dao.StudentDAO: Displaying Student Details
10:37:10 http-nio-8080-exec-1 INFO  com.nttdatacasestudy.dao.StudentDAO: Student Details updated!
10:37:16 http-nio-8080-exec-2 INFO  com.nttdatacasestudy.dao.StudentDAO: Displaying Student Details
10:40:19 http-nio-8080-exec-8 INFO  com.nttdatacasestudy.dao.StudentDAO: Displaying Student Details
10:40:35 http-nio-8080-exec-1 INFO  com.nttdatacasestudy.dao.StudentDAO: Student Details updated!
10:40:38 http-nio-8080-exec-2 INFO  com.nttdatacasestudy.dao.StudentDAO: Displaying Student Details
