23:04:15 http-nio-8080-exec-5 WARN  c.nttdatacasestudy.dao.InstituteDAO: Institute Credentials Verified!
23:04:27 http-nio-8080-exec-10 ERROR com.nttdatacasestudy.dao.FacultyDAO: Cannot add or update a child row: a foreign key constraint fails (`training_institution`.`faculty`, CONSTRAINT `faculty_ibfk_1` FOREIGN KEY (`instituteID`) REFERENCES `institute` (`instituteID`))
23:07:27 http-nio-8080-exec-6 WARN  c.nttdatacasestudy.dao.InstituteDAO: Institute Credentials Verified!
23:14:41 http-nio-8080-exec-2 INFO  c.nttdatacasestudy.dao.InstituteDAO: Displaying Institute Details
23:16:19 http-nio-8080-exec-6 INFO  c.nttdatacasestudy.dao.InstituteDAO: Displaying Institute Details
08:58:30 http-nio-8080-exec-7 WARN  c.nttdatacasestudy.dao.InstituteDAO: Institute Credentials Verified!
08:59:22 http-nio-8080-exec-5 INFO  com.nttdatacasestudy.dao.FacultyDAO: New faculty Added successfully
09:01:44 http-nio-8080-exec-7 WARN  c.nttdatacasestudy.dao.InstituteDAO: Institute Credentials Verified!
09:01:57 http-nio-8080-exec-10 INFO  com.nttdatacasestudy.dao.FacultyDAO: New faculty Added successfully
09:02:53 http-nio-8080-exec-4 INFO  c.nttdatacasestudy.dao.InstituteDAO: Displaying Institute Details
09:03:06 http-nio-8080-exec-6 INFO  c.nttdatacasestudy.dao.InstituteDAO: Institution Details Updated
09:03:13 http-nio-8080-exec-7 INFO  c.nttdatacasestudy.dao.InstituteDAO: Displaying Institute Details
09:34:23 http-nio-8080-exec-6 INFO  c.n.daoimpl.AdminDAOImpl: Admin Credentials Verified!
09:34:30 http-nio-8080-exec-1 INFO  c.nttdatacasestudy.dao.InstituteDAO: Displaying Institute Details
09:34:38 http-nio-8080-exec-3 INFO  com.nttdatacasestudy.dao.StudentDAO: Displaying All Students
09:34:44 http-nio-8080-exec-5 INFO  com.nttdatacasestudy.dao.FeedbackDAO: Displaying All Requests
09:34:51 http-nio-8080-exec-7 INFO  c.nttdatacasestudy.dao.InstituteDAO: Displaying Institute Details
09:35:41 http-nio-8080-exec-8 WARN  c.nttdatacasestudy.dao.InstituteDAO: Institute Credentials Verified!
09:35:44 http-nio-8080-exec-10 INFO  com.nttdatacasestudy.dao.StudentDAO: Displaying Student Details
09:39:39 http-nio-8080-exec-8 INFO  c.nttdatacasestudy.dao.InstituteDAO: Displaying Institute Details
09:40:39 http-nio-8080-exec-2 INFO  c.nttdatacasestudy.dao.InstituteDAO: Displaying Institute Details
09:40:51 http-nio-8080-exec-3 INFO  c.nttdatacasestudy.dao.InstituteDAO: Institution Details Updated
09:40:55 http-nio-8080-exec-4 INFO  c.nttdatacasestudy.dao.InstituteDAO: Displaying Institute Details
09:41:00 http-nio-8080-exec-7 INFO  c.n.dao.AdmissionRequestDAO: Displaying All Requests
09:41:07 http-nio-8080-exec-9 INFO  c.n.dao.AdmissionRequestDAO: Displaying All Requests
09:41:17 http-nio-8080-exec-1 INFO  com.nttdatacasestudy.dao.FeedbackDAO: Displaying All Requests
09:41:23 http-nio-8080-exec-4 INFO  com.nttdatacasestudy.dao.FacultyDAO: Displaying All Faculty
09:41:46 http-nio-8080-exec-2 INFO  com.nttdatacasestudy.dao.StudentDAO: Student Credentials verified!
09:41:48 http-nio-8080-exec-5 INFO  com.nttdatacasestudy.dao.StudentDAO: Displaying Student Details
09:41:51 http-nio-8080-exec-7 INFO  com.nttdatacasestudy.dao.CourseDAO: Displaying All Students
09:41:56 http-nio-8080-exec-9 INFO  c.n.dao.AdmissionRequestDAO: Displaying All Requests
09:41:58 http-nio-8080-exec-10 INFO  c.n.dao.AdmissionRequestDAO: Executing displayResponse
09:41:58 http-nio-8080-exec-1 INFO  c.n.dao.AdmissionRequestDAO: Displaying All Requests
